<?xml version="1.0" encoding="UTF-8"?>
<!-- Generated by org.testng.reporters.JUnitReportReporter -->
<testsuite skipped="0" hostname="CG-DTE-Student" name="com.actitime.scripts.ActiInvalidLogin" tests="2" failures="0" timestamp="2019-10-01T09:42:00 IST" time="95.074" errors="0">
  <testcase name="openBrowser" time="70.808" classname="com.actitime.scripts.ActiInvalidLogin"/>
  <testcase name="LoginInvalid" time="24.266" classname="com.actitime.scripts.ActiInvalidLogin"/>
</testsuite> <!-- com.actitime.scripts.ActiInvalidLogin -->
