<?xml version="1.0" encoding="UTF-8"?>
<!-- Generated by org.testng.reporters.JUnitReportReporter -->
<testsuite skipped="0" hostname="CG-DTE-Student" name="com.TestNG.Demo" tests="1" failures="0" timestamp="2019-09-28T22:55:12 IST" time="0.029" errors="0">
  <testcase name="run" time="0.029" classname="com.TestNG.Demo"/>
</testsuite> <!-- com.TestNG.Demo -->
