<?xml version="1.0" encoding="UTF-8"?>
<!-- Generated by org.testng.reporters.JUnitReportReporter -->
<testsuite skipped="0" hostname="CG-DTE-Student" name="com.TestNG.Remo" tests="1" failures="0" timestamp="2019-09-28T22:55:11 IST" time="0.013" errors="0">
  <testcase name="bun" time="0.013" classname="com.TestNG.Remo"/>
</testsuite> <!-- com.TestNG.Remo -->
