<?xml version="1.0" encoding="UTF-8"?>
<!-- Generated by org.testng.reporters.JUnitReportReporter -->
<testsuite skipped="0" hostname="CG-DTE-Student" name="com.actitime.scripts.ActiValidLogin" tests="2" failures="0" timestamp="2019-09-29T23:31:35 IST" time="36.668" errors="0">
  <testcase name="openBrowser" time="26.605" classname="com.actitime.scripts.ActiValidLogin"/>
  <testcase name="LogInApp" time="10.063" classname="com.actitime.scripts.ActiValidLogin"/>
</testsuite> <!-- com.actitime.scripts.ActiValidLogin -->
