<?xml version="1.0" encoding="UTF-8"?>
<!-- Generated by org.testng.reporters.JUnitReportReporter -->
<testsuite skipped="0" hostname="CG-DTE-Student" name="com.TestNG.Sumo" tests="1" failures="0" timestamp="2019-09-28T22:55:11 IST" time="0.011" errors="0">
  <testcase name="gun" time="0.011" classname="com.TestNG.Sumo"/>
</testsuite> <!-- com.TestNG.Sumo -->
